[2022-05-18T20:55:26.661] [ERROR] error - ReferenceError: PRT is not defined
    at Object.<anonymous> (C:\Users\walto\OneDrive\Escritorio\Tercera entrega del proyecto final\src\app.js:26:19)
    at Module._compile (node:internal/modules/cjs/loader:1101:14)
    at Object.Module._extensions..js (node:internal/modules/cjs/loader:1153:10)
    at Module.load (node:internal/modules/cjs/loader:981:32)
    at Function.Module._load (node:internal/modules/cjs/loader:822:12)
    at Function.executeUserEntryPoint [as runMain] (node:internal/modules/run_main:81:12)
    at node:internal/main/run_main_module:17:47
[2022-05-20T12:21:23.795] [ERROR] error - TypeError: Cannot read properties of null (reading 'products')
    at Cart.getCartProductsById (C:\Users\walto\OneDrive\Escritorio\Tercera entrega del proyecto final\src\models\Cart.js:45:25)
    at runMicrotasks (<anonymous>)
    at processTicksAndRejections (node:internal/process/task_queues:96:5)
    at async getCartProducts (C:\Users\walto\OneDrive\Escritorio\Tercera entrega del proyecto final\src\controllers\cart.js:43:18)
[2022-05-20T13:08:52.892] [ERROR] error - TypeError: Cannot read properties of null (reading '0')
    at Cart.deleteCartProductById (C:\Users\walto\OneDrive\Escritorio\Tercera entrega del proyecto final\src\models\Cart.js:63:15)
    at processTicksAndRejections (node:internal/process/task_queues:96:5)
    at async deleteCartProductById (C:\Users\walto\OneDrive\Escritorio\Tercera entrega del proyecto final\src\controllers\cart.js:67:5)
[2022-05-20T13:09:48.656] [ERROR] error - Error: Product not found
    at Cart.deleteCartProductById (C:\Users\walto\OneDrive\Escritorio\Tercera entrega del proyecto final\src\models\Cart.js:64:34)
    at processTicksAndRejections (node:internal/process/task_queues:96:5)
    at async deleteCartProductById (C:\Users\walto\OneDrive\Escritorio\Tercera entrega del proyecto final\src\controllers\cart.js:67:5)
[2022-05-20T13:10:46.421] [ERROR] error - Error: Product not found
    at Cart.deleteCartProductById (C:\Users\walto\OneDrive\Escritorio\Tercera entrega del proyecto final\src\models\Cart.js:64:34)
    at processTicksAndRejections (node:internal/process/task_queues:96:5)
    at async deleteCartProductById (C:\Users\walto\OneDrive\Escritorio\Tercera entrega del proyecto final\src\controllers\cart.js:67:5)
[2022-05-20T13:12:10.346] [ERROR] error - TypeError: Cannot read properties of null (reading '0')
    at Cart.deleteCartProductById (C:\Users\walto\OneDrive\Escritorio\Tercera entrega del proyecto final\src\models\Cart.js:63:15)
    at processTicksAndRejections (node:internal/process/task_queues:96:5)
    at async deleteCartProductById (C:\Users\walto\OneDrive\Escritorio\Tercera entrega del proyecto final\src\controllers\cart.js:67:5)
[2022-05-20T13:12:27.770] [ERROR] error - Error: Product not found
    at Cart.deleteCartProductById (C:\Users\walto\OneDrive\Escritorio\Tercera entrega del proyecto final\src\models\Cart.js:63:34)
    at processTicksAndRejections (node:internal/process/task_queues:96:5)
    at async deleteCartProductById (C:\Users\walto\OneDrive\Escritorio\Tercera entrega del proyecto final\src\controllers\cart.js:67:5)
[2022-05-20T13:17:25.066] [ERROR] error - ReferenceError: Types is not defined
    at Product.getById (C:\Users\walto\OneDrive\Escritorio\Tercera entrega del proyecto final\src\models\Product.js:78:47)
    at Cart.deleteCartProductById (C:\Users\walto\OneDrive\Escritorio\Tercera entrega del proyecto final\src\models\Cart.js:62:35)
    at deleteCartProductById (C:\Users\walto\OneDrive\Escritorio\Tercera entrega del proyecto final\src\controllers\cart.js:67:21)
    at Layer.handle [as handle_request] (C:\Users\walto\OneDrive\Escritorio\Tercera entrega del proyecto final\node_modules\express\lib\router\layer.js:95:5)
    at next (C:\Users\walto\OneDrive\Escritorio\Tercera entrega del proyecto final\node_modules\express\lib\router\route.js:144:13)
    at Route.dispatch (C:\Users\walto\OneDrive\Escritorio\Tercera entrega del proyecto final\node_modules\express\lib\router\route.js:114:3)
    at Layer.handle [as handle_request] (C:\Users\walto\OneDrive\Escritorio\Tercera entrega del proyecto final\node_modules\express\lib\router\layer.js:95:5)
    at C:\Users\walto\OneDrive\Escritorio\Tercera entrega del proyecto final\node_modules\express\lib\router\index.js:284:15
    at param (C:\Users\walto\OneDrive\Escritorio\Tercera entrega del proyecto final\node_modules\express\lib\router\index.js:365:14)
    at param (C:\Users\walto\OneDrive\Escritorio\Tercera entrega del proyecto final\node_modules\express\lib\router\index.js:376:14)
[2022-05-20T13:28:25.291] [ERROR] error - TypeError: Cannot read properties of null (reading '0')
    at Cart.deleteCartProductById (C:\Users\walto\OneDrive\Escritorio\Tercera entrega del proyecto final\src\models\Cart.js:64:16)
    at processTicksAndRejections (node:internal/process/task_queues:96:5)
    at async deleteCartProductById (C:\Users\walto\OneDrive\Escritorio\Tercera entrega del proyecto final\src\controllers\cart.js:67:5)
[2022-05-20T13:28:40.529] [ERROR] error - TypeError: Cannot read properties of null (reading '1')
    at Cart.deleteCartProductById (C:\Users\walto\OneDrive\Escritorio\Tercera entrega del proyecto final\src\models\Cart.js:64:16)
    at processTicksAndRejections (node:internal/process/task_queues:96:5)
    at async deleteCartProductById (C:\Users\walto\OneDrive\Escritorio\Tercera entrega del proyecto final\src\controllers\cart.js:67:5)
[2022-05-21T19:08:04.490] [ERROR] error - Error: Product not found
    at Cart.deleteCartProductById (C:\Users\walto\OneDrive\Escritorio\Tercera entrega del proyecto final\src\models\Cart.js:65:38)
    at processTicksAndRejections (node:internal/process/task_queues:96:5)
    at async deleteCartProductById (C:\Users\walto\OneDrive\Escritorio\Tercera entrega del proyecto final\src\controllers\cart.js:67:5)
[2022-05-21T19:22:07.848] [ERROR] error - BSONTypeError: Argument passed in must be a string of 12 bytes or a string of 24 hex characters or an integer
    at new BSONTypeError (C:\Users\walto\OneDrive\Escritorio\Tercera entrega del proyecto final\node_modules\bson\lib\error.js:41:28)
    at new ObjectId (C:\Users\walto\OneDrive\Escritorio\Tercera entrega del proyecto final\node_modules\bson\lib\objectid.js:66:23)
    at ObjectId (C:\Users\walto\OneDrive\Escritorio\Tercera entrega del proyecto final\node_modules\bson\lib\objectid.js:26:20)
    at Cart.deleteCartProductById (C:\Users\walto\OneDrive\Escritorio\Tercera entrega del proyecto final\src\models\Cart.js:63:50)
    at deleteCartProductById (C:\Users\walto\OneDrive\Escritorio\Tercera entrega del proyecto final\src\controllers\cart.js:67:21)
    at Layer.handle [as handle_request] (C:\Users\walto\OneDrive\Escritorio\Tercera entrega del proyecto final\node_modules\express\lib\router\layer.js:95:5)
    at next (C:\Users\walto\OneDrive\Escritorio\Tercera entrega del proyecto final\node_modules\express\lib\router\route.js:144:13)
    at Route.dispatch (C:\Users\walto\OneDrive\Escritorio\Tercera entrega del proyecto final\node_modules\express\lib\router\route.js:114:3)
    at Layer.handle [as handle_request] (C:\Users\walto\OneDrive\Escritorio\Tercera entrega del proyecto final\node_modules\express\lib\router\layer.js:95:5)
    at C:\Users\walto\OneDrive\Escritorio\Tercera entrega del proyecto final\node_modules\express\lib\router\index.js:284:15
[2022-05-21T19:28:26.152] [ERROR] error - Error: Product not found
    at Cart.deleteCartProductById (C:\Users\walto\OneDrive\Escritorio\Tercera entrega del proyecto final\src\models\Cart.js:66:48)
    at processTicksAndRejections (node:internal/process/task_queues:96:5)
    at async deleteCartProductById (C:\Users\walto\OneDrive\Escritorio\Tercera entrega del proyecto final\src\controllers\cart.js:67:5)
[2022-05-21T19:29:08.271] [ERROR] error - Error: Product not found
    at Cart.deleteCartProductById (C:\Users\walto\OneDrive\Escritorio\Tercera entrega del proyecto final\src\models\Cart.js:66:48)
    at processTicksAndRejections (node:internal/process/task_queues:96:5)
    at async deleteCartProductById (C:\Users\walto\OneDrive\Escritorio\Tercera entrega del proyecto final\src\controllers\cart.js:67:5)
[2022-05-21T19:29:19.587] [ERROR] error - CastError: Cast to ObjectId failed for value "623cedf6cba3ae2170ac7c7bdf" (type string) at path "_id" for model "carts"
    at model.Query.exec (C:\Users\walto\OneDrive\Escritorio\Tercera entrega del proyecto final\node_modules\mongoose\lib\query.js:4719:21)
    at model.Query.Query.then (C:\Users\walto\OneDrive\Escritorio\Tercera entrega del proyecto final\node_modules\mongoose\lib\query.js:4818:15)
    at processTicksAndRejections (node:internal/process/task_queues:96:5) {
  messageFormat: undefined,
  stringValue: '"623cedf6cba3ae2170ac7c7bdf"',
  kind: 'ObjectId',
  value: '623cedf6cba3ae2170ac7c7bdf',
  path: '_id',
  reason: BSONTypeError: Argument passed in must be a string of 12 bytes or a string of 24 hex characters or an integer
      at new BSONTypeError (C:\Users\walto\OneDrive\Escritorio\Tercera entrega del proyecto final\node_modules\bson\lib\error.js:41:28)
      at new ObjectId (C:\Users\walto\OneDrive\Escritorio\Tercera entrega del proyecto final\node_modules\bson\lib\objectid.js:66:23)
      at castObjectId (C:\Users\walto\OneDrive\Escritorio\Tercera entrega del proyecto final\node_modules\mongoose\lib\cast\objectid.js:24:12)
      at ObjectId.cast (C:\Users\walto\OneDrive\Escritorio\Tercera entrega del proyecto final\node_modules\mongoose\lib\schema\objectid.js:245:12)
      at ObjectId.SchemaType.applySetters (C:\Users\walto\OneDrive\Escritorio\Tercera entrega del proyecto final\node_modules\mongoose\lib\schematype.js:1189:12)
      at ObjectId.SchemaType._castForQuery (C:\Users\walto\OneDrive\Escritorio\Tercera entrega del proyecto final\node_modules\mongoose\lib\schematype.js:1623:15)
      at ObjectId.SchemaType.castForQuery (C:\Users\walto\OneDrive\Escritorio\Tercera entrega del proyecto final\node_modules\mongoose\lib\schematype.js:1613:15)
      at ObjectId.SchemaType.castForQueryWrapper (C:\Users\walto\OneDrive\Escritorio\Tercera entrega del proyecto final\node_modules\mongoose\lib\schematype.js:1590:20)
      at cast (C:\Users\walto\OneDrive\Escritorio\Tercera entrega del proyecto final\node_modules\mongoose\lib\cast.js:344:32)
      at model.Query.Query.cast (C:\Users\walto\OneDrive\Escritorio\Tercera entrega del proyecto final\node_modules\mongoose\lib\query.js:5141:12),
  valueType: 'string'
}
[2022-05-21T19:29:27.958] [ERROR] error - Error: Product not found
    at Cart.deleteCartProductById (C:\Users\walto\OneDrive\Escritorio\Tercera entrega del proyecto final\src\models\Cart.js:66:48)
    at processTicksAndRejections (node:internal/process/task_queues:96:5)
    at async deleteCartProductById (C:\Users\walto\OneDrive\Escritorio\Tercera entrega del proyecto final\src\controllers\cart.js:67:5)
[2022-05-21T19:32:40.913] [ERROR] error - Error: Product not found
    at Cart.deleteCartProductById (C:\Users\walto\OneDrive\Escritorio\Tercera entrega del proyecto final\src\models\Cart.js:66:38)
    at processTicksAndRejections (node:internal/process/task_queues:96:5)
    at async deleteCartProductById (C:\Users\walto\OneDrive\Escritorio\Tercera entrega del proyecto final\src\controllers\cart.js:67:5)
[2022-05-21T19:33:10.552] [ERROR] error - Error: Product not found
    at Cart.deleteCartProductById (C:\Users\walto\OneDrive\Escritorio\Tercera entrega del proyecto final\src\models\Cart.js:66:38)
    at processTicksAndRejections (node:internal/process/task_queues:96:5)
    at async deleteCartProductById (C:\Users\walto\OneDrive\Escritorio\Tercera entrega del proyecto final\src\controllers\cart.js:67:5)
[2022-05-21T19:34:28.670] [ERROR] error - Error: Product not found
    at Cart.deleteCartProductById (C:\Users\walto\OneDrive\Escritorio\Tercera entrega del proyecto final\src\models\Cart.js:66:38)
    at processTicksAndRejections (node:internal/process/task_queues:96:5)
    at async deleteCartProductById (C:\Users\walto\OneDrive\Escritorio\Tercera entrega del proyecto final\src\controllers\cart.js:67:5)
[2022-05-21T19:34:36.701] [ERROR] error - Error: Product not found
    at Cart.deleteCartProductById (C:\Users\walto\OneDrive\Escritorio\Tercera entrega del proyecto final\src\models\Cart.js:66:38)
    at processTicksAndRejections (node:internal/process/task_queues:96:5)
    at async deleteCartProductById (C:\Users\walto\OneDrive\Escritorio\Tercera entrega del proyecto final\src\controllers\cart.js:67:5)
[2022-05-21T19:39:20.594] [ERROR] error - CastError: Cast to ObjectId failed for value "623cedf6cba3ae2170ac7c7bj" (type string) at path "_id" for model "carts"
    at model.Query.exec (C:\Users\walto\OneDrive\Escritorio\Tercera entrega del proyecto final\node_modules\mongoose\lib\query.js:4719:21)
    at model.Query.Query.then (C:\Users\walto\OneDrive\Escritorio\Tercera entrega del proyecto final\node_modules\mongoose\lib\query.js:4818:15)
    at processTicksAndRejections (node:internal/process/task_queues:96:5) {
  messageFormat: undefined,
  stringValue: '"623cedf6cba3ae2170ac7c7bj"',
  kind: 'ObjectId',
  value: '623cedf6cba3ae2170ac7c7bj',
  path: '_id',
  reason: BSONTypeError: Argument passed in must be a string of 12 bytes or a string of 24 hex characters or an integer
      at new BSONTypeError (C:\Users\walto\OneDrive\Escritorio\Tercera entrega del proyecto final\node_modules\bson\lib\error.js:41:28)
      at new ObjectId (C:\Users\walto\OneDrive\Escritorio\Tercera entrega del proyecto final\node_modules\bson\lib\objectid.js:66:23)
      at castObjectId (C:\Users\walto\OneDrive\Escritorio\Tercera entrega del proyecto final\node_modules\mongoose\lib\cast\objectid.js:24:12)
      at ObjectId.cast (C:\Users\walto\OneDrive\Escritorio\Tercera entrega del proyecto final\node_modules\mongoose\lib\schema\objectid.js:245:12)
      at ObjectId.SchemaType.applySetters (C:\Users\walto\OneDrive\Escritorio\Tercera entrega del proyecto final\node_modules\mongoose\lib\schematype.js:1189:12)
      at ObjectId.SchemaType._castForQuery (C:\Users\walto\OneDrive\Escritorio\Tercera entrega del proyecto final\node_modules\mongoose\lib\schematype.js:1623:15)
      at ObjectId.SchemaType.castForQuery (C:\Users\walto\OneDrive\Escritorio\Tercera entrega del proyecto final\node_modules\mongoose\lib\schematype.js:1613:15)
      at ObjectId.SchemaType.castForQueryWrapper (C:\Users\walto\OneDrive\Escritorio\Tercera entrega del proyecto final\node_modules\mongoose\lib\schematype.js:1590:20)
      at cast (C:\Users\walto\OneDrive\Escritorio\Tercera entrega del proyecto final\node_modules\mongoose\lib\cast.js:344:32)
      at model.Query.Query.cast (C:\Users\walto\OneDrive\Escritorio\Tercera entrega del proyecto final\node_modules\mongoose\lib\query.js:5141:12),
  valueType: 'string'
}
[2022-05-21T19:49:22.471] [ERROR] error - TypeError: cartProducts.findOne is not a function
    at Cart.deleteCartProductById (C:\Users\walto\OneDrive\Escritorio\Tercera entrega del proyecto final\src\models\Cart.js:65:31)
    at processTicksAndRejections (node:internal/process/task_queues:96:5)
    at async deleteCartProductById (C:\Users\walto\OneDrive\Escritorio\Tercera entrega del proyecto final\src\controllers\cart.js:67:5)
[2022-05-21T21:56:08.872] [ERROR] error - CastError: Cast to ObjectId failed for value "623cedf6cba3ae2170ac7c7bñ" (type string) at path "_id" for model "carts"
    at model.Query.exec (C:\Users\walto\OneDrive\Escritorio\Tercera entrega del proyecto final\node_modules\mongoose\lib\query.js:4719:21)
    at model.Query.Query.then (C:\Users\walto\OneDrive\Escritorio\Tercera entrega del proyecto final\node_modules\mongoose\lib\query.js:4818:15)
    at processTicksAndRejections (node:internal/process/task_queues:96:5) {
  messageFormat: undefined,
  stringValue: '"623cedf6cba3ae2170ac7c7bñ"',
  kind: 'ObjectId',
  value: '623cedf6cba3ae2170ac7c7bñ',
  path: '_id',
  reason: BSONTypeError: Argument passed in must be a string of 12 bytes or a string of 24 hex characters or an integer
      at new BSONTypeError (C:\Users\walto\OneDrive\Escritorio\Tercera entrega del proyecto final\node_modules\bson\lib\error.js:41:28)
      at new ObjectId (C:\Users\walto\OneDrive\Escritorio\Tercera entrega del proyecto final\node_modules\bson\lib\objectid.js:66:23)
      at castObjectId (C:\Users\walto\OneDrive\Escritorio\Tercera entrega del proyecto final\node_modules\mongoose\lib\cast\objectid.js:24:12)
      at ObjectId.cast (C:\Users\walto\OneDrive\Escritorio\Tercera entrega del proyecto final\node_modules\mongoose\lib\schema\objectid.js:245:12)
      at ObjectId.SchemaType.applySetters (C:\Users\walto\OneDrive\Escritorio\Tercera entrega del proyecto final\node_modules\mongoose\lib\schematype.js:1189:12)
      at ObjectId.SchemaType._castForQuery (C:\Users\walto\OneDrive\Escritorio\Tercera entrega del proyecto final\node_modules\mongoose\lib\schematype.js:1623:15)
      at ObjectId.SchemaType.castForQuery (C:\Users\walto\OneDrive\Escritorio\Tercera entrega del proyecto final\node_modules\mongoose\lib\schematype.js:1613:15)
      at ObjectId.SchemaType.castForQueryWrapper (C:\Users\walto\OneDrive\Escritorio\Tercera entrega del proyecto final\node_modules\mongoose\lib\schematype.js:1590:20)
      at cast (C:\Users\walto\OneDrive\Escritorio\Tercera entrega del proyecto final\node_modules\mongoose\lib\cast.js:344:32)
      at model.Query.Query.cast (C:\Users\walto\OneDrive\Escritorio\Tercera entrega del proyecto final\node_modules\mongoose\lib\query.js:5141:12),
  valueType: 'string'
}
[2022-05-21T22:02:43.115] [ERROR] error - CastError: Cast to ObjectId failed for value "623dded1ca61190548252f4ahg" (type string) at path "_id" for model "products"
    at model.Query.exec (C:\Users\walto\OneDrive\Escritorio\Tercera entrega del proyecto final\node_modules\mongoose\lib\query.js:4719:21)
    at model.Query.Query.then (C:\Users\walto\OneDrive\Escritorio\Tercera entrega del proyecto final\node_modules\mongoose\lib\query.js:4818:15)
    at processTicksAndRejections (node:internal/process/task_queues:96:5) {
  messageFormat: undefined,
  stringValue: '"623dded1ca61190548252f4ahg"',
  kind: 'ObjectId',
  value: '623dded1ca61190548252f4ahg',
  path: '_id',
  reason: BSONTypeError: Argument passed in must be a string of 12 bytes or a string of 24 hex characters or an integer
      at new BSONTypeError (C:\Users\walto\OneDrive\Escritorio\Tercera entrega del proyecto final\node_modules\bson\lib\error.js:41:28)
      at new ObjectId (C:\Users\walto\OneDrive\Escritorio\Tercera entrega del proyecto final\node_modules\bson\lib\objectid.js:66:23)
      at castObjectId (C:\Users\walto\OneDrive\Escritorio\Tercera entrega del proyecto final\node_modules\mongoose\lib\cast\objectid.js:24:12)
      at ObjectId.cast (C:\Users\walto\OneDrive\Escritorio\Tercera entrega del proyecto final\node_modules\mongoose\lib\schema\objectid.js:245:12)
      at ObjectId.SchemaType.applySetters (C:\Users\walto\OneDrive\Escritorio\Tercera entrega del proyecto final\node_modules\mongoose\lib\schematype.js:1189:12)
      at ObjectId.SchemaType._castForQuery (C:\Users\walto\OneDrive\Escritorio\Tercera entrega del proyecto final\node_modules\mongoose\lib\schematype.js:1623:15)
      at ObjectId.SchemaType.castForQuery (C:\Users\walto\OneDrive\Escritorio\Tercera entrega del proyecto final\node_modules\mongoose\lib\schematype.js:1613:15)
      at ObjectId.SchemaType.castForQueryWrapper (C:\Users\walto\OneDrive\Escritorio\Tercera entrega del proyecto final\node_modules\mongoose\lib\schematype.js:1590:20)
      at cast (C:\Users\walto\OneDrive\Escritorio\Tercera entrega del proyecto final\node_modules\mongoose\lib\cast.js:344:32)
      at model.Query.Query.cast (C:\Users\walto\OneDrive\Escritorio\Tercera entrega del proyecto final\node_modules\mongoose\lib\query.js:5141:12),
  valueType: 'string'
}
[2022-05-21T22:03:01.701] [ERROR] error - CastError: Cast to ObjectId failed for value "623cedf6cba3ae2170ac7c7bj" (type string) at path "_id" for model "carts"
    at model.Query.exec (C:\Users\walto\OneDrive\Escritorio\Tercera entrega del proyecto final\node_modules\mongoose\lib\query.js:4719:21)
    at model.Query.Query.then (C:\Users\walto\OneDrive\Escritorio\Tercera entrega del proyecto final\node_modules\mongoose\lib\query.js:4818:15)
    at processTicksAndRejections (node:internal/process/task_queues:96:5) {
  messageFormat: undefined,
  stringValue: '"623cedf6cba3ae2170ac7c7bj"',
  kind: 'ObjectId',
  value: '623cedf6cba3ae2170ac7c7bj',
  path: '_id',
  reason: BSONTypeError: Argument passed in must be a string of 12 bytes or a string of 24 hex characters or an integer
      at new BSONTypeError (C:\Users\walto\OneDrive\Escritorio\Tercera entrega del proyecto final\node_modules\bson\lib\error.js:41:28)
      at new ObjectId (C:\Users\walto\OneDrive\Escritorio\Tercera entrega del proyecto final\node_modules\bson\lib\objectid.js:66:23)
      at castObjectId (C:\Users\walto\OneDrive\Escritorio\Tercera entrega del proyecto final\node_modules\mongoose\lib\cast\objectid.js:24:12)
      at ObjectId.cast (C:\Users\walto\OneDrive\Escritorio\Tercera entrega del proyecto final\node_modules\mongoose\lib\schema\objectid.js:245:12)
      at ObjectId.SchemaType.applySetters (C:\Users\walto\OneDrive\Escritorio\Tercera entrega del proyecto final\node_modules\mongoose\lib\schematype.js:1189:12)
      at ObjectId.SchemaType._castForQuery (C:\Users\walto\OneDrive\Escritorio\Tercera entrega del proyecto final\node_modules\mongoose\lib\schematype.js:1623:15)
      at ObjectId.SchemaType.castForQuery (C:\Users\walto\OneDrive\Escritorio\Tercera entrega del proyecto final\node_modules\mongoose\lib\schematype.js:1613:15)
      at ObjectId.SchemaType.castForQueryWrapper (C:\Users\walto\OneDrive\Escritorio\Tercera entrega del proyecto final\node_modules\mongoose\lib\schematype.js:1590:20)
      at cast (C:\Users\walto\OneDrive\Escritorio\Tercera entrega del proyecto final\node_modules\mongoose\lib\cast.js:344:32)
      at model.Query.Query.cast (C:\Users\walto\OneDrive\Escritorio\Tercera entrega del proyecto final\node_modules\mongoose\lib\query.js:5141:12),
  valueType: 'string'
}
[2022-05-21T22:10:18.178] [ERROR] error - CastError: Cast to ObjectId failed for value "d345df355sg424" (type string) at path "_id" for model "carts"
    at model.Query.exec (C:\Users\walto\OneDrive\Escritorio\Tercera entrega del proyecto final\node_modules\mongoose\lib\query.js:4719:21)
    at model.Query.Query.then (C:\Users\walto\OneDrive\Escritorio\Tercera entrega del proyecto final\node_modules\mongoose\lib\query.js:4818:15)
    at processTicksAndRejections (node:internal/process/task_queues:96:5) {
  messageFormat: undefined,
  stringValue: '"d345df355sg424"',
  kind: 'ObjectId',
  value: 'd345df355sg424',
  path: '_id',
  reason: BSONTypeError: Argument passed in must be a string of 12 bytes or a string of 24 hex characters or an integer
      at new BSONTypeError (C:\Users\walto\OneDrive\Escritorio\Tercera entrega del proyecto final\node_modules\bson\lib\error.js:41:28)
      at new ObjectId (C:\Users\walto\OneDrive\Escritorio\Tercera entrega del proyecto final\node_modules\bson\lib\objectid.js:66:23)
      at castObjectId (C:\Users\walto\OneDrive\Escritorio\Tercera entrega del proyecto final\node_modules\mongoose\lib\cast\objectid.js:24:12)
      at ObjectId.cast (C:\Users\walto\OneDrive\Escritorio\Tercera entrega del proyecto final\node_modules\mongoose\lib\schema\objectid.js:245:12)
      at ObjectId.SchemaType.applySetters (C:\Users\walto\OneDrive\Escritorio\Tercera entrega del proyecto final\node_modules\mongoose\lib\schematype.js:1189:12)
      at ObjectId.SchemaType._castForQuery (C:\Users\walto\OneDrive\Escritorio\Tercera entrega del proyecto final\node_modules\mongoose\lib\schematype.js:1623:15)
      at ObjectId.SchemaType.castForQuery (C:\Users\walto\OneDrive\Escritorio\Tercera entrega del proyecto final\node_modules\mongoose\lib\schematype.js:1613:15)
      at ObjectId.SchemaType.castForQueryWrapper (C:\Users\walto\OneDrive\Escritorio\Tercera entrega del proyecto final\node_modules\mongoose\lib\schematype.js:1590:20)
      at cast (C:\Users\walto\OneDrive\Escritorio\Tercera entrega del proyecto final\node_modules\mongoose\lib\cast.js:344:32)
      at model.Query.Query.cast (C:\Users\walto\OneDrive\Escritorio\Tercera entrega del proyecto final\node_modules\mongoose\lib\query.js:5141:12),
  valueType: 'string'
}
[2022-05-22T16:53:02.337] [ERROR] error - TypeError: Cannot read properties of null (reading 'products')
    at Cart.getCartProductsById (C:\Users\walto\OneDrive\Escritorio\Tercera entrega del proyecto final\src\models\Cart.js:50:25)
    at runMicrotasks (<anonymous>)
    at processTicksAndRejections (node:internal/process/task_queues:96:5)
    at async getCartProducts (C:\Users\walto\OneDrive\Escritorio\Tercera entrega del proyecto final\src\controllers\cart.js:43:18)
[2022-05-22T18:07:34.482] [ERROR] error - ReferenceError: userId is not defined
    at Cart.create (C:\Users\walto\OneDrive\Escritorio\Tercera entrega del proyecto final\src\models\Cart.js:36:15)
    at processTicksAndRejections (node:internal/process/task_queues:96:5)
    at async createCart (C:\Users\walto\OneDrive\Escritorio\Tercera entrega del proyecto final\src\controllers\cart.js:9:18)
[2022-05-22T19:29:42.230] [ERROR] error - CastError: Cast to ObjectId failed for value "$" (type string) at path "_id" for model "products"
    at model.Query.exec (C:\Users\walto\OneDrive\Escritorio\Tercera entrega del proyecto final\node_modules\mongoose\lib\query.js:4719:21)
    at model.Query.Query.then (C:\Users\walto\OneDrive\Escritorio\Tercera entrega del proyecto final\node_modules\mongoose\lib\query.js:4818:15)
    at runMicrotasks (<anonymous>)
    at processTicksAndRejections (node:internal/process/task_queues:96:5) {
  messageFormat: undefined,
  stringValue: '"$"',
  kind: 'ObjectId',
  value: '$',
  path: '_id',
  reason: BSONTypeError: Argument passed in must be a string of 12 bytes or a string of 24 hex characters or an integer
      at new BSONTypeError (C:\Users\walto\OneDrive\Escritorio\Tercera entrega del proyecto final\node_modules\bson\lib\error.js:41:28)
      at new ObjectId (C:\Users\walto\OneDrive\Escritorio\Tercera entrega del proyecto final\node_modules\bson\lib\objectid.js:66:23)
      at castObjectId (C:\Users\walto\OneDrive\Escritorio\Tercera entrega del proyecto final\node_modules\mongoose\lib\cast\objectid.js:24:12)
      at ObjectId.cast (C:\Users\walto\OneDrive\Escritorio\Tercera entrega del proyecto final\node_modules\mongoose\lib\schema\objectid.js:245:12)
      at ObjectId.SchemaType.applySetters (C:\Users\walto\OneDrive\Escritorio\Tercera entrega del proyecto final\node_modules\mongoose\lib\schematype.js:1189:12)
      at ObjectId.SchemaType._castForQuery (C:\Users\walto\OneDrive\Escritorio\Tercera entrega del proyecto final\node_modules\mongoose\lib\schematype.js:1623:15)
      at ObjectId.SchemaType.castForQuery (C:\Users\walto\OneDrive\Escritorio\Tercera entrega del proyecto final\node_modules\mongoose\lib\schematype.js:1613:15)
      at ObjectId.SchemaType.castForQueryWrapper (C:\Users\walto\OneDrive\Escritorio\Tercera entrega del proyecto final\node_modules\mongoose\lib\schematype.js:1590:20)
      at cast (C:\Users\walto\OneDrive\Escritorio\Tercera entrega del proyecto final\node_modules\mongoose\lib\cast.js:344:32)
      at model.Query.Query.cast (C:\Users\walto\OneDrive\Escritorio\Tercera entrega del proyecto final\node_modules\mongoose\lib\query.js:5141:12),
  valueType: 'string'
}
[2022-05-22T19:29:45.339] [ERROR] error - CastError: Cast to ObjectId failed for value "$" (type string) at path "_id" for model "products"
    at model.Query.exec (C:\Users\walto\OneDrive\Escritorio\Tercera entrega del proyecto final\node_modules\mongoose\lib\query.js:4719:21)
    at model.Query.Query.then (C:\Users\walto\OneDrive\Escritorio\Tercera entrega del proyecto final\node_modules\mongoose\lib\query.js:4818:15)
    at runMicrotasks (<anonymous>)
    at processTicksAndRejections (node:internal/process/task_queues:96:5) {
  messageFormat: undefined,
  stringValue: '"$"',
  kind: 'ObjectId',
  value: '$',
  path: '_id',
  reason: BSONTypeError: Argument passed in must be a string of 12 bytes or a string of 24 hex characters or an integer
      at new BSONTypeError (C:\Users\walto\OneDrive\Escritorio\Tercera entrega del proyecto final\node_modules\bson\lib\error.js:41:28)
      at new ObjectId (C:\Users\walto\OneDrive\Escritorio\Tercera entrega del proyecto final\node_modules\bson\lib\objectid.js:66:23)
      at castObjectId (C:\Users\walto\OneDrive\Escritorio\Tercera entrega del proyecto final\node_modules\mongoose\lib\cast\objectid.js:24:12)
      at ObjectId.cast (C:\Users\walto\OneDrive\Escritorio\Tercera entrega del proyecto final\node_modules\mongoose\lib\schema\objectid.js:245:12)
      at ObjectId.SchemaType.applySetters (C:\Users\walto\OneDrive\Escritorio\Tercera entrega del proyecto final\node_modules\mongoose\lib\schematype.js:1189:12)
      at ObjectId.SchemaType._castForQuery (C:\Users\walto\OneDrive\Escritorio\Tercera entrega del proyecto final\node_modules\mongoose\lib\schematype.js:1623:15)
      at ObjectId.SchemaType.castForQuery (C:\Users\walto\OneDrive\Escritorio\Tercera entrega del proyecto final\node_modules\mongoose\lib\schematype.js:1613:15)
      at ObjectId.SchemaType.castForQueryWrapper (C:\Users\walto\OneDrive\Escritorio\Tercera entrega del proyecto final\node_modules\mongoose\lib\schematype.js:1590:20)
      at cast (C:\Users\walto\OneDrive\Escritorio\Tercera entrega del proyecto final\node_modules\mongoose\lib\cast.js:344:32)
      at model.Query.Query.cast (C:\Users\walto\OneDrive\Escritorio\Tercera entrega del proyecto final\node_modules\mongoose\lib\query.js:5141:12),
  valueType: 'string'
}
[2022-05-22T19:29:47.021] [ERROR] error - CastError: Cast to ObjectId failed for value "$" (type string) at path "_id" for model "products"
    at model.Query.exec (C:\Users\walto\OneDrive\Escritorio\Tercera entrega del proyecto final\node_modules\mongoose\lib\query.js:4719:21)
    at model.Query.Query.then (C:\Users\walto\OneDrive\Escritorio\Tercera entrega del proyecto final\node_modules\mongoose\lib\query.js:4818:15)
    at runMicrotasks (<anonymous>)
    at processTicksAndRejections (node:internal/process/task_queues:96:5) {
  messageFormat: undefined,
  stringValue: '"$"',
  kind: 'ObjectId',
  value: '$',
  path: '_id',
  reason: BSONTypeError: Argument passed in must be a string of 12 bytes or a string of 24 hex characters or an integer
      at new BSONTypeError (C:\Users\walto\OneDrive\Escritorio\Tercera entrega del proyecto final\node_modules\bson\lib\error.js:41:28)
      at new ObjectId (C:\Users\walto\OneDrive\Escritorio\Tercera entrega del proyecto final\node_modules\bson\lib\objectid.js:66:23)
      at castObjectId (C:\Users\walto\OneDrive\Escritorio\Tercera entrega del proyecto final\node_modules\mongoose\lib\cast\objectid.js:24:12)
      at ObjectId.cast (C:\Users\walto\OneDrive\Escritorio\Tercera entrega del proyecto final\node_modules\mongoose\lib\schema\objectid.js:245:12)
      at ObjectId.SchemaType.applySetters (C:\Users\walto\OneDrive\Escritorio\Tercera entrega del proyecto final\node_modules\mongoose\lib\schematype.js:1189:12)
      at ObjectId.SchemaType._castForQuery (C:\Users\walto\OneDrive\Escritorio\Tercera entrega del proyecto final\node_modules\mongoose\lib\schematype.js:1623:15)
      at ObjectId.SchemaType.castForQuery (C:\Users\walto\OneDrive\Escritorio\Tercera entrega del proyecto final\node_modules\mongoose\lib\schematype.js:1613:15)
      at ObjectId.SchemaType.castForQueryWrapper (C:\Users\walto\OneDrive\Escritorio\Tercera entrega del proyecto final\node_modules\mongoose\lib\schematype.js:1590:20)
      at cast (C:\Users\walto\OneDrive\Escritorio\Tercera entrega del proyecto final\node_modules\mongoose\lib\cast.js:344:32)
      at model.Query.Query.cast (C:\Users\walto\OneDrive\Escritorio\Tercera entrega del proyecto final\node_modules\mongoose\lib\query.js:5141:12),
  valueType: 'string'
}
[2022-05-22T19:29:48.325] [ERROR] error - CastError: Cast to ObjectId failed for value "$" (type string) at path "_id" for model "products"
    at model.Query.exec (C:\Users\walto\OneDrive\Escritorio\Tercera entrega del proyecto final\node_modules\mongoose\lib\query.js:4719:21)
    at model.Query.Query.then (C:\Users\walto\OneDrive\Escritorio\Tercera entrega del proyecto final\node_modules\mongoose\lib\query.js:4818:15)
    at runMicrotasks (<anonymous>)
    at processTicksAndRejections (node:internal/process/task_queues:96:5) {
  messageFormat: undefined,
  stringValue: '"$"',
  kind: 'ObjectId',
  value: '$',
  path: '_id',
  reason: BSONTypeError: Argument passed in must be a string of 12 bytes or a string of 24 hex characters or an integer
      at new BSONTypeError (C:\Users\walto\OneDrive\Escritorio\Tercera entrega del proyecto final\node_modules\bson\lib\error.js:41:28)
      at new ObjectId (C:\Users\walto\OneDrive\Escritorio\Tercera entrega del proyecto final\node_modules\bson\lib\objectid.js:66:23)
      at castObjectId (C:\Users\walto\OneDrive\Escritorio\Tercera entrega del proyecto final\node_modules\mongoose\lib\cast\objectid.js:24:12)
      at ObjectId.cast (C:\Users\walto\OneDrive\Escritorio\Tercera entrega del proyecto final\node_modules\mongoose\lib\schema\objectid.js:245:12)
      at ObjectId.SchemaType.applySetters (C:\Users\walto\OneDrive\Escritorio\Tercera entrega del proyecto final\node_modules\mongoose\lib\schematype.js:1189:12)
      at ObjectId.SchemaType._castForQuery (C:\Users\walto\OneDrive\Escritorio\Tercera entrega del proyecto final\node_modules\mongoose\lib\schematype.js:1623:15)
      at ObjectId.SchemaType.castForQuery (C:\Users\walto\OneDrive\Escritorio\Tercera entrega del proyecto final\node_modules\mongoose\lib\schematype.js:1613:15)
      at ObjectId.SchemaType.castForQueryWrapper (C:\Users\walto\OneDrive\Escritorio\Tercera entrega del proyecto final\node_modules\mongoose\lib\schematype.js:1590:20)
      at cast (C:\Users\walto\OneDrive\Escritorio\Tercera entrega del proyecto final\node_modules\mongoose\lib\cast.js:344:32)
      at model.Query.Query.cast (C:\Users\walto\OneDrive\Escritorio\Tercera entrega del proyecto final\node_modules\mongoose\lib\query.js:5141:12),
  valueType: 'string'
}
[2022-06-03T11:16:11.579] [ERROR] error - TypeError: cartModel.create is not a function
    at Object.saveCart (C:\Users\walto\OneDrive\Escritorio\Tercera entrega del proyecto final\src\services\cart.service.js:5:32)
    at createCart (C:\Users\walto\OneDrive\Escritorio\Tercera entrega del proyecto final\src\controllers\cart.controller.js:10:32)
    at Layer.handle [as handle_request] (C:\Users\walto\OneDrive\Escritorio\Tercera entrega del proyecto final\node_modules\express\lib\router\layer.js:95:5)
    at next (C:\Users\walto\OneDrive\Escritorio\Tercera entrega del proyecto final\node_modules\express\lib\router\route.js:144:13)
    at Route.dispatch (C:\Users\walto\OneDrive\Escritorio\Tercera entrega del proyecto final\node_modules\express\lib\router\route.js:114:3)
    at Layer.handle [as handle_request] (C:\Users\walto\OneDrive\Escritorio\Tercera entrega del proyecto final\node_modules\express\lib\router\layer.js:95:5)
    at C:\Users\walto\OneDrive\Escritorio\Tercera entrega del proyecto final\node_modules\express\lib\router\index.js:284:15
    at Function.process_params (C:\Users\walto\OneDrive\Escritorio\Tercera entrega del proyecto final\node_modules\express\lib\router\index.js:346:12)
    at next (C:\Users\walto\OneDrive\Escritorio\Tercera entrega del proyecto final\node_modules\express\lib\router\index.js:280:10)
    at Function.handle (C:\Users\walto\OneDrive\Escritorio\Tercera entrega del proyecto final\node_modules\express\lib\router\index.js:175:3)
[2022-06-10T10:38:08.153] [ERROR] error - CastError: Cast to ObjectId failed for value "624e4ef585081a36312954bfj" (type string) at path "_id" for model "products"
    at model.Query.exec (C:\Users\walto\OneDrive\Escritorio\Tercera entrega del proyecto final\node_modules\mongoose\lib\query.js:4719:21)
    at model.Query.Query.then (C:\Users\walto\OneDrive\Escritorio\Tercera entrega del proyecto final\node_modules\mongoose\lib\query.js:4818:15)
    at processTicksAndRejections (node:internal/process/task_queues:96:5) {
  messageFormat: undefined,
  stringValue: '"624e4ef585081a36312954bfj"',
  kind: 'ObjectId',
  value: '624e4ef585081a36312954bfj',
  path: '_id',
  reason: BSONTypeError: Argument passed in must be a string of 12 bytes or a string of 24 hex characters or an integer
      at new BSONTypeError (C:\Users\walto\OneDrive\Escritorio\Tercera entrega del proyecto final\node_modules\bson\lib\error.js:41:28)
      at new ObjectId (C:\Users\walto\OneDrive\Escritorio\Tercera entrega del proyecto final\node_modules\bson\lib\objectid.js:66:23)
      at castObjectId (C:\Users\walto\OneDrive\Escritorio\Tercera entrega del proyecto final\node_modules\mongoose\lib\cast\objectid.js:24:12)
      at ObjectId.cast (C:\Users\walto\OneDrive\Escritorio\Tercera entrega del proyecto final\node_modules\mongoose\lib\schema\objectid.js:245:12)
      at ObjectId.SchemaType.applySetters (C:\Users\walto\OneDrive\Escritorio\Tercera entrega del proyecto final\node_modules\mongoose\lib\schematype.js:1189:12)
      at ObjectId.SchemaType._castForQuery (C:\Users\walto\OneDrive\Escritorio\Tercera entrega del proyecto final\node_modules\mongoose\lib\schematype.js:1623:15)
      at ObjectId.SchemaType.castForQuery (C:\Users\walto\OneDrive\Escritorio\Tercera entrega del proyecto final\node_modules\mongoose\lib\schematype.js:1613:15)
      at ObjectId.SchemaType.castForQueryWrapper (C:\Users\walto\OneDrive\Escritorio\Tercera entrega del proyecto final\node_modules\mongoose\lib\schematype.js:1590:20)
      at cast (C:\Users\walto\OneDrive\Escritorio\Tercera entrega del proyecto final\node_modules\mongoose\lib\cast.js:344:32)
      at model.Query.Query.cast (C:\Users\walto\OneDrive\Escritorio\Tercera entrega del proyecto final\node_modules\mongoose\lib\query.js:5141:12),
  valueType: 'string'
}
[2022-06-10T10:41:46.509] [ERROR] error - CastError: Cast to ObjectId failed for value "id=624e4ef585081a36312954bf" (type string) at path "_id" for model "products"
    at model.Query.exec (C:\Users\walto\OneDrive\Escritorio\Tercera entrega del proyecto final\node_modules\mongoose\lib\query.js:4719:21)
    at model.Query.Query.then (C:\Users\walto\OneDrive\Escritorio\Tercera entrega del proyecto final\node_modules\mongoose\lib\query.js:4818:15)
    at processTicksAndRejections (node:internal/process/task_queues:96:5) {
  messageFormat: undefined,
  stringValue: '"id=624e4ef585081a36312954bf"',
  kind: 'ObjectId',
  value: 'id=624e4ef585081a36312954bf',
  path: '_id',
  reason: BSONTypeError: Argument passed in must be a string of 12 bytes or a string of 24 hex characters or an integer
      at new BSONTypeError (C:\Users\walto\OneDrive\Escritorio\Tercera entrega del proyecto final\node_modules\bson\lib\error.js:41:28)
      at new ObjectId (C:\Users\walto\OneDrive\Escritorio\Tercera entrega del proyecto final\node_modules\bson\lib\objectid.js:66:23)
      at castObjectId (C:\Users\walto\OneDrive\Escritorio\Tercera entrega del proyecto final\node_modules\mongoose\lib\cast\objectid.js:24:12)
      at ObjectId.cast (C:\Users\walto\OneDrive\Escritorio\Tercera entrega del proyecto final\node_modules\mongoose\lib\schema\objectid.js:245:12)
      at ObjectId.SchemaType.applySetters (C:\Users\walto\OneDrive\Escritorio\Tercera entrega del proyecto final\node_modules\mongoose\lib\schematype.js:1189:12)
      at ObjectId.SchemaType._castForQuery (C:\Users\walto\OneDrive\Escritorio\Tercera entrega del proyecto final\node_modules\mongoose\lib\schematype.js:1623:15)
      at ObjectId.SchemaType.castForQuery (C:\Users\walto\OneDrive\Escritorio\Tercera entrega del proyecto final\node_modules\mongoose\lib\schematype.js:1613:15)
      at ObjectId.SchemaType.castForQueryWrapper (C:\Users\walto\OneDrive\Escritorio\Tercera entrega del proyecto final\node_modules\mongoose\lib\schematype.js:1590:20)
      at cast (C:\Users\walto\OneDrive\Escritorio\Tercera entrega del proyecto final\node_modules\mongoose\lib\cast.js:344:32)
      at model.Query.Query.cast (C:\Users\walto\OneDrive\Escritorio\Tercera entrega del proyecto final\node_modules\mongoose\lib\query.js:5141:12),
  valueType: 'string'
}
[2022-06-10T10:56:26.902] [ERROR] error - CastError: Cast to ObjectId failed for value "id" (type string) at path "_id" for model "products"
    at model.Query.exec (C:\Users\walto\OneDrive\Escritorio\Tercera entrega del proyecto final\node_modules\mongoose\lib\query.js:4719:21)
    at model.Query.Query.then (C:\Users\walto\OneDrive\Escritorio\Tercera entrega del proyecto final\node_modules\mongoose\lib\query.js:4818:15)
    at processTicksAndRejections (node:internal/process/task_queues:96:5) {
  messageFormat: undefined,
  stringValue: '"id"',
  kind: 'ObjectId',
  value: 'id',
  path: '_id',
  reason: BSONTypeError: Argument passed in must be a string of 12 bytes or a string of 24 hex characters or an integer
      at new BSONTypeError (C:\Users\walto\OneDrive\Escritorio\Tercera entrega del proyecto final\node_modules\bson\lib\error.js:41:28)
      at new ObjectId (C:\Users\walto\OneDrive\Escritorio\Tercera entrega del proyecto final\node_modules\bson\lib\objectid.js:66:23)
      at castObjectId (C:\Users\walto\OneDrive\Escritorio\Tercera entrega del proyecto final\node_modules\mongoose\lib\cast\objectid.js:24:12)
      at ObjectId.cast (C:\Users\walto\OneDrive\Escritorio\Tercera entrega del proyecto final\node_modules\mongoose\lib\schema\objectid.js:245:12)
      at ObjectId.SchemaType.applySetters (C:\Users\walto\OneDrive\Escritorio\Tercera entrega del proyecto final\node_modules\mongoose\lib\schematype.js:1189:12)
      at ObjectId.SchemaType._castForQuery (C:\Users\walto\OneDrive\Escritorio\Tercera entrega del proyecto final\node_modules\mongoose\lib\schematype.js:1623:15)
      at ObjectId.SchemaType.castForQuery (C:\Users\walto\OneDrive\Escritorio\Tercera entrega del proyecto final\node_modules\mongoose\lib\schematype.js:1613:15)
      at ObjectId.SchemaType.castForQueryWrapper (C:\Users\walto\OneDrive\Escritorio\Tercera entrega del proyecto final\node_modules\mongoose\lib\schematype.js:1590:20)
      at cast (C:\Users\walto\OneDrive\Escritorio\Tercera entrega del proyecto final\node_modules\mongoose\lib\cast.js:344:32)
      at model.Query.Query.cast (C:\Users\walto\OneDrive\Escritorio\Tercera entrega del proyecto final\node_modules\mongoose\lib\query.js:5141:12),
  valueType: 'string'
}
[2022-06-10T11:01:35.856] [ERROR] error - CastError: Cast to ObjectId failed for value "dfgdfgd" (type string) at path "_id" for model "products"
    at model.Query.exec (C:\Users\walto\OneDrive\Escritorio\Tercera entrega del proyecto final\node_modules\mongoose\lib\query.js:4719:21)
    at model.Query.Query.then (C:\Users\walto\OneDrive\Escritorio\Tercera entrega del proyecto final\node_modules\mongoose\lib\query.js:4818:15)
    at processTicksAndRejections (node:internal/process/task_queues:96:5) {
  messageFormat: undefined,
  stringValue: '"dfgdfgd"',
  kind: 'ObjectId',
  value: 'dfgdfgd',
  path: '_id',
  reason: BSONTypeError: Argument passed in must be a string of 12 bytes or a string of 24 hex characters or an integer
      at new BSONTypeError (C:\Users\walto\OneDrive\Escritorio\Tercera entrega del proyecto final\node_modules\bson\lib\error.js:41:28)
      at new ObjectId (C:\Users\walto\OneDrive\Escritorio\Tercera entrega del proyecto final\node_modules\bson\lib\objectid.js:66:23)
      at castObjectId (C:\Users\walto\OneDrive\Escritorio\Tercera entrega del proyecto final\node_modules\mongoose\lib\cast\objectid.js:24:12)
      at ObjectId.cast (C:\Users\walto\OneDrive\Escritorio\Tercera entrega del proyecto final\node_modules\mongoose\lib\schema\objectid.js:245:12)
      at ObjectId.SchemaType.applySetters (C:\Users\walto\OneDrive\Escritorio\Tercera entrega del proyecto final\node_modules\mongoose\lib\schematype.js:1189:12)
      at ObjectId.SchemaType._castForQuery (C:\Users\walto\OneDrive\Escritorio\Tercera entrega del proyecto final\node_modules\mongoose\lib\schematype.js:1623:15)
      at ObjectId.SchemaType.castForQuery (C:\Users\walto\OneDrive\Escritorio\Tercera entrega del proyecto final\node_modules\mongoose\lib\schematype.js:1613:15)
      at ObjectId.SchemaType.castForQueryWrapper (C:\Users\walto\OneDrive\Escritorio\Tercera entrega del proyecto final\node_modules\mongoose\lib\schematype.js:1590:20)
      at cast (C:\Users\walto\OneDrive\Escritorio\Tercera entrega del proyecto final\node_modules\mongoose\lib\cast.js:344:32)
      at model.Query.Query.cast (C:\Users\walto\OneDrive\Escritorio\Tercera entrega del proyecto final\node_modules\mongoose\lib\query.js:5141:12),
  valueType: 'string'
}
[2022-06-10T11:21:21.562] [ERROR] error - CastError: Cast to ObjectId failed for value "fdgfdg4eter" (type string) at path "_id" for model "products"
    at model.Query.exec (C:\Users\walto\OneDrive\Escritorio\Tercera entrega del proyecto final\node_modules\mongoose\lib\query.js:4719:21)
    at model.Query.Query.then (C:\Users\walto\OneDrive\Escritorio\Tercera entrega del proyecto final\node_modules\mongoose\lib\query.js:4818:15)
    at processTicksAndRejections (node:internal/process/task_queues:96:5) {
  messageFormat: undefined,
  stringValue: '"fdgfdg4eter"',
  kind: 'ObjectId',
  value: 'fdgfdg4eter',
  path: '_id',
  reason: BSONTypeError: Argument passed in must be a string of 12 bytes or a string of 24 hex characters or an integer
      at new BSONTypeError (C:\Users\walto\OneDrive\Escritorio\Tercera entrega del proyecto final\node_modules\bson\lib\error.js:41:28)
      at new ObjectId (C:\Users\walto\OneDrive\Escritorio\Tercera entrega del proyecto final\node_modules\bson\lib\objectid.js:66:23)
      at castObjectId (C:\Users\walto\OneDrive\Escritorio\Tercera entrega del proyecto final\node_modules\mongoose\lib\cast\objectid.js:24:12)
      at ObjectId.cast (C:\Users\walto\OneDrive\Escritorio\Tercera entrega del proyecto final\node_modules\mongoose\lib\schema\objectid.js:245:12)
      at ObjectId.SchemaType.applySetters (C:\Users\walto\OneDrive\Escritorio\Tercera entrega del proyecto final\node_modules\mongoose\lib\schematype.js:1189:12)
      at ObjectId.SchemaType._castForQuery (C:\Users\walto\OneDrive\Escritorio\Tercera entrega del proyecto final\node_modules\mongoose\lib\schematype.js:1623:15)
      at ObjectId.SchemaType.castForQuery (C:\Users\walto\OneDrive\Escritorio\Tercera entrega del proyecto final\node_modules\mongoose\lib\schematype.js:1613:15)
      at ObjectId.SchemaType.castForQueryWrapper (C:\Users\walto\OneDrive\Escritorio\Tercera entrega del proyecto final\node_modules\mongoose\lib\schematype.js:1590:20)
      at cast (C:\Users\walto\OneDrive\Escritorio\Tercera entrega del proyecto final\node_modules\mongoose\lib\cast.js:344:32)
      at model.Query.Query.cast (C:\Users\walto\OneDrive\Escritorio\Tercera entrega del proyecto final\node_modules\mongoose\lib\query.js:5141:12),
  valueType: 'string'
}
[2022-06-10T11:22:48.416] [ERROR] error - CastError: Cast to ObjectId failed for value "fgdgdfgdfgdfg" (type string) at path "_id" for model "products"
    at model.Query.exec (C:\Users\walto\OneDrive\Escritorio\Tercera entrega del proyecto final\node_modules\mongoose\lib\query.js:4719:21)
    at model.Query.Query.then (C:\Users\walto\OneDrive\Escritorio\Tercera entrega del proyecto final\node_modules\mongoose\lib\query.js:4818:15)
    at processTicksAndRejections (node:internal/process/task_queues:96:5) {
  messageFormat: undefined,
  stringValue: '"fgdgdfgdfgdfg"',
  kind: 'ObjectId',
  value: 'fgdgdfgdfgdfg',
  path: '_id',
  reason: BSONTypeError: Argument passed in must be a string of 12 bytes or a string of 24 hex characters or an integer
      at new BSONTypeError (C:\Users\walto\OneDrive\Escritorio\Tercera entrega del proyecto final\node_modules\bson\lib\error.js:41:28)
      at new ObjectId (C:\Users\walto\OneDrive\Escritorio\Tercera entrega del proyecto final\node_modules\bson\lib\objectid.js:66:23)
      at castObjectId (C:\Users\walto\OneDrive\Escritorio\Tercera entrega del proyecto final\node_modules\mongoose\lib\cast\objectid.js:24:12)
      at ObjectId.cast (C:\Users\walto\OneDrive\Escritorio\Tercera entrega del proyecto final\node_modules\mongoose\lib\schema\objectid.js:245:12)
      at ObjectId.SchemaType.applySetters (C:\Users\walto\OneDrive\Escritorio\Tercera entrega del proyecto final\node_modules\mongoose\lib\schematype.js:1189:12)
      at ObjectId.SchemaType._castForQuery (C:\Users\walto\OneDrive\Escritorio\Tercera entrega del proyecto final\node_modules\mongoose\lib\schematype.js:1623:15)
      at ObjectId.SchemaType.castForQuery (C:\Users\walto\OneDrive\Escritorio\Tercera entrega del proyecto final\node_modules\mongoose\lib\schematype.js:1613:15)
      at ObjectId.SchemaType.castForQueryWrapper (C:\Users\walto\OneDrive\Escritorio\Tercera entrega del proyecto final\node_modules\mongoose\lib\schematype.js:1590:20)
      at cast (C:\Users\walto\OneDrive\Escritorio\Tercera entrega del proyecto final\node_modules\mongoose\lib\cast.js:344:32)
      at model.Query.Query.cast (C:\Users\walto\OneDrive\Escritorio\Tercera entrega del proyecto final\node_modules\mongoose\lib\query.js:5141:12),
  valueType: 'string'
}
[2022-06-10T11:23:12.092] [ERROR] error - CastError: Cast to ObjectId failed for value "62a208d534e566358cbf9c0" (type string) at path "_id" for model "products"
    at model.Query.exec (C:\Users\walto\OneDrive\Escritorio\Tercera entrega del proyecto final\node_modules\mongoose\lib\query.js:4719:21)
    at model.Query.Query.then (C:\Users\walto\OneDrive\Escritorio\Tercera entrega del proyecto final\node_modules\mongoose\lib\query.js:4818:15)
    at processTicksAndRejections (node:internal/process/task_queues:96:5) {
  messageFormat: undefined,
  stringValue: '"62a208d534e566358cbf9c0"',
  kind: 'ObjectId',
  value: '62a208d534e566358cbf9c0',
  path: '_id',
  reason: BSONTypeError: Argument passed in must be a string of 12 bytes or a string of 24 hex characters or an integer
      at new BSONTypeError (C:\Users\walto\OneDrive\Escritorio\Tercera entrega del proyecto final\node_modules\bson\lib\error.js:41:28)
      at new ObjectId (C:\Users\walto\OneDrive\Escritorio\Tercera entrega del proyecto final\node_modules\bson\lib\objectid.js:66:23)
      at castObjectId (C:\Users\walto\OneDrive\Escritorio\Tercera entrega del proyecto final\node_modules\mongoose\lib\cast\objectid.js:24:12)
      at ObjectId.cast (C:\Users\walto\OneDrive\Escritorio\Tercera entrega del proyecto final\node_modules\mongoose\lib\schema\objectid.js:245:12)
      at ObjectId.SchemaType.applySetters (C:\Users\walto\OneDrive\Escritorio\Tercera entrega del proyecto final\node_modules\mongoose\lib\schematype.js:1189:12)
      at ObjectId.SchemaType._castForQuery (C:\Users\walto\OneDrive\Escritorio\Tercera entrega del proyecto final\node_modules\mongoose\lib\schematype.js:1623:15)
      at ObjectId.SchemaType.castForQuery (C:\Users\walto\OneDrive\Escritorio\Tercera entrega del proyecto final\node_modules\mongoose\lib\schematype.js:1613:15)
      at ObjectId.SchemaType.castForQueryWrapper (C:\Users\walto\OneDrive\Escritorio\Tercera entrega del proyecto final\node_modules\mongoose\lib\schematype.js:1590:20)
      at cast (C:\Users\walto\OneDrive\Escritorio\Tercera entrega del proyecto final\node_modules\mongoose\lib\cast.js:344:32)
      at model.Query.Query.cast (C:\Users\walto\OneDrive\Escritorio\Tercera entrega del proyecto final\node_modules\mongoose\lib\query.js:5141:12),
  valueType: 'string'
}
[2022-06-12T23:07:01.334] [ERROR] error - CastError: Cast to ObjectId failed for value "629f639d6d0fb584b6bf0414ñ" (type string) at path "_id" for model "products"
    at model.Query.exec (C:\Users\walto\OneDrive\Escritorio\Tercera entrega del proyecto final\node_modules\mongoose\lib\query.js:4719:21)
    at model.Query.Query.then (C:\Users\walto\OneDrive\Escritorio\Tercera entrega del proyecto final\node_modules\mongoose\lib\query.js:4818:15)
    at processTicksAndRejections (node:internal/process/task_queues:96:5) {
  messageFormat: undefined,
  stringValue: '"629f639d6d0fb584b6bf0414ñ"',
  kind: 'ObjectId',
  value: '629f639d6d0fb584b6bf0414ñ',
  path: '_id',
  reason: BSONTypeError: Argument passed in must be a string of 12 bytes or a string of 24 hex characters or an integer
      at new BSONTypeError (C:\Users\walto\OneDrive\Escritorio\Tercera entrega del proyecto final\node_modules\bson\lib\error.js:41:28)
      at new ObjectId (C:\Users\walto\OneDrive\Escritorio\Tercera entrega del proyecto final\node_modules\bson\lib\objectid.js:66:23)
      at castObjectId (C:\Users\walto\OneDrive\Escritorio\Tercera entrega del proyecto final\node_modules\mongoose\lib\cast\objectid.js:24:12)
      at ObjectId.cast (C:\Users\walto\OneDrive\Escritorio\Tercera entrega del proyecto final\node_modules\mongoose\lib\schema\objectid.js:245:12)
      at ObjectId.SchemaType.applySetters (C:\Users\walto\OneDrive\Escritorio\Tercera entrega del proyecto final\node_modules\mongoose\lib\schematype.js:1189:12)
      at ObjectId.SchemaType._castForQuery (C:\Users\walto\OneDrive\Escritorio\Tercera entrega del proyecto final\node_modules\mongoose\lib\schematype.js:1623:15)
      at ObjectId.SchemaType.castForQuery (C:\Users\walto\OneDrive\Escritorio\Tercera entrega del proyecto final\node_modules\mongoose\lib\schematype.js:1613:15)
      at ObjectId.SchemaType.castForQueryWrapper (C:\Users\walto\OneDrive\Escritorio\Tercera entrega del proyecto final\node_modules\mongoose\lib\schematype.js:1590:20)
      at cast (C:\Users\walto\OneDrive\Escritorio\Tercera entrega del proyecto final\node_modules\mongoose\lib\cast.js:344:32)
      at model.Query.Query.cast (C:\Users\walto\OneDrive\Escritorio\Tercera entrega del proyecto final\node_modules\mongoose\lib\query.js:5141:12),
  valueType: 'string'
}
[2022-07-20T23:46:26.193] [ERROR] error - Error: order validation failed: created: Cast to date failed for value "20/07/2022 23:45:12" (type string) at path "created"
    at ValidationError.inspect (C:\Users\walto\OneDrive\Escritorio\Proyecto_final\node_modules\mongoose\lib\error\validation.js:48:26)
    at formatValue (node:internal/util/inspect:763:19)
    at inspect (node:internal/util/inspect:340:10)
    at formatWithOptionsInternal (node:internal/util/inspect:2006:40)
    at Object.format (node:internal/util/inspect:1880:10)
    at basicLayout (C:\Users\walto\OneDrive\Escritorio\Proyecto_final\node_modules\log4js\lib\layouts.js:64:57)
    at app (C:\Users\walto\OneDrive\Escritorio\Proyecto_final\node_modules\log4js\lib\appenders\file.js:76:23)
    at C:\Users\walto\OneDrive\Escritorio\Proyecto_final\node_modules\log4js\lib\log4js.js:43:5
    at Array.forEach (<anonymous>)
    at sendLogEventToAppender (C:\Users\walto\OneDrive\Escritorio\Proyecto_final\node_modules\log4js\lib\log4js.js:42:21) {
  errors: {
    created: CastError: Cast to date failed for value "20/07/2022 23:45:12" (type string) at path "created"
        at SchemaDate.cast (C:\Users\walto\OneDrive\Escritorio\Proyecto_final\node_modules\mongoose\lib\schema\date.js:354:11)
        at SchemaDate.SchemaType.applySetters (C:\Users\walto\OneDrive\Escritorio\Proyecto_final\node_modules\mongoose\lib\schematype.js:1189:12)
        at SchemaDate.SchemaType.getDefault (C:\Users\walto\OneDrive\Escritorio\Proyecto_final\node_modules\mongoose\lib\schematype.js:1136:25)
        at $__applyDefaults (C:\Users\walto\OneDrive\Escritorio\Proyecto_final\node_modules\mongoose\lib\document.js:515:24)
        at model.Document (C:\Users\walto\OneDrive\Escritorio\Proyecto_final\node_modules\mongoose\lib\document.js:154:7)
        at model.Model (C:\Users\walto\OneDrive\Escritorio\Proyecto_final\node_modules\mongoose\lib\model.js:115:12)
        at new model (C:\Users\walto\OneDrive\Escritorio\Proyecto_final\node_modules\mongoose\lib\model.js:4841:15)
        at C:\Users\walto\OneDrive\Escritorio\Proyecto_final\node_modules\mongoose\lib\model.js:3148:22
        at C:\Users\walto\OneDrive\Escritorio\Proyecto_final\node_modules\mongoose\lib\model.js:3184:7
        at Array.forEach (<anonymous>) {
      stringValue: '"20/07/2022 23:45:12"',
      messageFormat: undefined,
      kind: 'date',
      value: '20/07/2022 23:45:12',
      path: 'created',
      reason: AssertionError [ERR_ASSERTION]: The expression evaluated to a falsy value:
      
        assert.ok(false)
      
          at castDate (C:\Users\walto\OneDrive\Escritorio\Proyecto_final\node_modules\mongoose\lib\cast\date.js:40:10)
          at SchemaDate.cast (C:\Users\walto\OneDrive\Escritorio\Proyecto_final\node_modules\mongoose\lib\schema\date.js:352:12)
          at SchemaDate.SchemaType.applySetters (C:\Users\walto\OneDrive\Escritorio\Proyecto_final\node_modules\mongoose\lib\schematype.js:1189:12)
          at SchemaDate.SchemaType.getDefault (C:\Users\walto\OneDrive\Escritorio\Proyecto_final\node_modules\mongoose\lib\schematype.js:1136:25)
          at $__applyDefaults (C:\Users\walto\OneDrive\Escritorio\Proyecto_final\node_modules\mongoose\lib\document.js:515:24)
          at model.Document (C:\Users\walto\OneDrive\Escritorio\Proyecto_final\node_modules\mongoose\lib\document.js:154:7)
          at model.Model (C:\Users\walto\OneDrive\Escritorio\Proyecto_final\node_modules\mongoose\lib\model.js:115:12)
          at new model (C:\Users\walto\OneDrive\Escritorio\Proyecto_final\node_modules\mongoose\lib\model.js:4841:15)
          at C:\Users\walto\OneDrive\Escritorio\Proyecto_final\node_modules\mongoose\lib\model.js:3148:22
          at C:\Users\walto\OneDrive\Escritorio\Proyecto_final\node_modules\mongoose\lib\model.js:3184:7 {
        generatedMessage: true,
        code: 'ERR_ASSERTION',
        actual: false,
        expected: true,
        operator: '=='
      },
      valueType: 'string'
    }
  },
  _message: 'order validation failed'
}
[2022-07-21T00:03:51.673] [ERROR] error - CastError: Cast to ObjectId failed for value "65" (type string) at path "_id" for model "products"
    at model.Query.exec (C:\Users\walto\OneDrive\Escritorio\Proyecto_final\node_modules\mongoose\lib\query.js:4719:21)
    at model.Query.Query.then (C:\Users\walto\OneDrive\Escritorio\Proyecto_final\node_modules\mongoose\lib\query.js:4818:15)
    at processTicksAndRejections (node:internal/process/task_queues:96:5) {
  messageFormat: undefined,
  stringValue: '"65"',
  kind: 'ObjectId',
  value: '65',
  path: '_id',
  reason: BSONTypeError: Argument passed in must be a string of 12 bytes or a string of 24 hex characters or an integer
      at new BSONTypeError (C:\Users\walto\OneDrive\Escritorio\Proyecto_final\node_modules\bson\lib\error.js:41:28)
      at new ObjectId (C:\Users\walto\OneDrive\Escritorio\Proyecto_final\node_modules\bson\lib\objectid.js:66:23)
      at castObjectId (C:\Users\walto\OneDrive\Escritorio\Proyecto_final\node_modules\mongoose\lib\cast\objectid.js:24:12)
      at ObjectId.cast (C:\Users\walto\OneDrive\Escritorio\Proyecto_final\node_modules\mongoose\lib\schema\objectid.js:245:12)
      at ObjectId.SchemaType.applySetters (C:\Users\walto\OneDrive\Escritorio\Proyecto_final\node_modules\mongoose\lib\schematype.js:1189:12)
      at ObjectId.SchemaType._castForQuery (C:\Users\walto\OneDrive\Escritorio\Proyecto_final\node_modules\mongoose\lib\schematype.js:1623:15)
      at ObjectId.SchemaType.castForQuery (C:\Users\walto\OneDrive\Escritorio\Proyecto_final\node_modules\mongoose\lib\schematype.js:1613:15)
      at ObjectId.SchemaType.castForQueryWrapper (C:\Users\walto\OneDrive\Escritorio\Proyecto_final\node_modules\mongoose\lib\schematype.js:1590:20)
      at cast (C:\Users\walto\OneDrive\Escritorio\Proyecto_final\node_modules\mongoose\lib\cast.js:344:32)
      at model.Query.Query.cast (C:\Users\walto\OneDrive\Escritorio\Proyecto_final\node_modules\mongoose\lib\query.js:5141:12),
  valueType: 'string'
}
[2022-07-21T09:30:37.604] [ERROR] error - TypeError: Cannot read properties of undefined (reading 'products')
    at Cart.save (C:\Users\walto\OneDrive\Escritorio\Proyecto_final\src\models\cart.model.js:44:26)
    at Object.saveCart (C:\Users\walto\OneDrive\Escritorio\Proyecto_final\src\services\cart.service.js:7:32)
    at createCart (C:\Users\walto\OneDrive\Escritorio\Proyecto_final\src\controllers\cart.controller.js:10:32)
    at Layer.handle [as handle_request] (C:\Users\walto\OneDrive\Escritorio\Proyecto_final\node_modules\express\lib\router\layer.js:95:5)
    at next (C:\Users\walto\OneDrive\Escritorio\Proyecto_final\node_modules\express\lib\router\route.js:144:13)
    at Route.dispatch (C:\Users\walto\OneDrive\Escritorio\Proyecto_final\node_modules\express\lib\router\route.js:114:3)
    at Layer.handle [as handle_request] (C:\Users\walto\OneDrive\Escritorio\Proyecto_final\node_modules\express\lib\router\layer.js:95:5)
    at C:\Users\walto\OneDrive\Escritorio\Proyecto_final\node_modules\express\lib\router\index.js:284:15
    at Function.process_params (C:\Users\walto\OneDrive\Escritorio\Proyecto_final\node_modules\express\lib\router\index.js:346:12)
    at next (C:\Users\walto\OneDrive\Escritorio\Proyecto_final\node_modules\express\lib\router\index.js:280:10)
[2022-07-21T09:32:24.571] [ERROR] error - MongoServerError: E11000 duplicate key error collection: ecommerce.carts index: _id_ dup key: { _id: ObjectId('623ddf7a6fedb5ca32a0078e') }
    at C:\Users\walto\OneDrive\Escritorio\Proyecto_final\node_modules\mongoose\node_modules\mongodb\lib\operations\insert.js:53:33
    at C:\Users\walto\OneDrive\Escritorio\Proyecto_final\node_modules\mongoose\node_modules\mongodb\lib\cmap\connection_pool.js:273:25
    at handleOperationResult (C:\Users\walto\OneDrive\Escritorio\Proyecto_final\node_modules\mongoose\node_modules\mongodb\lib\sdam\server.js:327:20)
    at Connection.onMessage (C:\Users\walto\OneDrive\Escritorio\Proyecto_final\node_modules\mongoose\node_modules\mongodb\lib\cmap\connection.js:215:9)
    at MessageStream.<anonymous> (C:\Users\walto\OneDrive\Escritorio\Proyecto_final\node_modules\mongoose\node_modules\mongodb\lib\cmap\connection.js:63:60)
    at MessageStream.emit (node:events:390:28)
    at processIncomingData (C:\Users\walto\OneDrive\Escritorio\Proyecto_final\node_modules\mongoose\node_modules\mongodb\lib\cmap\message_stream.js:108:16)
    at MessageStream._write (C:\Users\walto\OneDrive\Escritorio\Proyecto_final\node_modules\mongoose\node_modules\mongodb\lib\cmap\message_stream.js:28:9)
    at writeOrBuffer (node:internal/streams/writable:389:12)
    at _write (node:internal/streams/writable:330:10) {
  index: 0,
  code: 11000,
  keyPattern: { _id: 1 },
  keyValue: { _id: new ObjectId("623ddf7a6fedb5ca32a0078e") },
  [Symbol(errorLabels)]: Set(0) {}
}
[2022-07-21T09:33:25.207] [ERROR] error - MongoServerError: E11000 duplicate key error collection: ecommerce.carts index: _id_ dup key: { _id: ObjectId('623ddf7a6fedb5ca32a0078e') }
    at C:\Users\walto\OneDrive\Escritorio\Proyecto_final\node_modules\mongoose\node_modules\mongodb\lib\operations\insert.js:53:33
    at C:\Users\walto\OneDrive\Escritorio\Proyecto_final\node_modules\mongoose\node_modules\mongodb\lib\cmap\connection_pool.js:273:25
    at handleOperationResult (C:\Users\walto\OneDrive\Escritorio\Proyecto_final\node_modules\mongoose\node_modules\mongodb\lib\sdam\server.js:327:20)
    at Connection.onMessage (C:\Users\walto\OneDrive\Escritorio\Proyecto_final\node_modules\mongoose\node_modules\mongodb\lib\cmap\connection.js:215:9)
    at MessageStream.<anonymous> (C:\Users\walto\OneDrive\Escritorio\Proyecto_final\node_modules\mongoose\node_modules\mongodb\lib\cmap\connection.js:63:60)
    at MessageStream.emit (node:events:390:28)
    at processIncomingData (C:\Users\walto\OneDrive\Escritorio\Proyecto_final\node_modules\mongoose\node_modules\mongodb\lib\cmap\message_stream.js:108:16)
    at MessageStream._write (C:\Users\walto\OneDrive\Escritorio\Proyecto_final\node_modules\mongoose\node_modules\mongodb\lib\cmap\message_stream.js:28:9)
    at writeOrBuffer (node:internal/streams/writable:389:12)
    at _write (node:internal/streams/writable:330:10) {
  index: 0,
  code: 11000,
  keyPattern: { _id: 1 },
  keyValue: { _id: new ObjectId("623ddf7a6fedb5ca32a0078e") },
  [Symbol(errorLabels)]: Set(0) {}
}
[2022-07-24T10:47:41.960] [ERROR] error - CastError: Cast to ObjectId failed for value "22" (type string) at path "_id" for model "products"
    at model.Query.exec (C:\Users\walto\OneDrive\Escritorio\Proyecto_final\node_modules\mongoose\lib\query.js:4719:21)
    at model.Query.Query.then (C:\Users\walto\OneDrive\Escritorio\Proyecto_final\node_modules\mongoose\lib\query.js:4818:15)
    at processTicksAndRejections (node:internal/process/task_queues:96:5) {
  messageFormat: undefined,
  stringValue: '"22"',
  kind: 'ObjectId',
  value: '22',
  path: '_id',
  reason: BSONTypeError: Argument passed in must be a string of 12 bytes or a string of 24 hex characters or an integer
      at new BSONTypeError (C:\Users\walto\OneDrive\Escritorio\Proyecto_final\node_modules\bson\lib\error.js:41:28)
      at new ObjectId (C:\Users\walto\OneDrive\Escritorio\Proyecto_final\node_modules\bson\lib\objectid.js:66:23)
      at castObjectId (C:\Users\walto\OneDrive\Escritorio\Proyecto_final\node_modules\mongoose\lib\cast\objectid.js:24:12)
      at ObjectId.cast (C:\Users\walto\OneDrive\Escritorio\Proyecto_final\node_modules\mongoose\lib\schema\objectid.js:245:12)
      at ObjectId.SchemaType.applySetters (C:\Users\walto\OneDrive\Escritorio\Proyecto_final\node_modules\mongoose\lib\schematype.js:1189:12)
      at ObjectId.SchemaType._castForQuery (C:\Users\walto\OneDrive\Escritorio\Proyecto_final\node_modules\mongoose\lib\schematype.js:1623:15)
      at ObjectId.SchemaType.castForQuery (C:\Users\walto\OneDrive\Escritorio\Proyecto_final\node_modules\mongoose\lib\schematype.js:1613:15)
      at ObjectId.SchemaType.castForQueryWrapper (C:\Users\walto\OneDrive\Escritorio\Proyecto_final\node_modules\mongoose\lib\schematype.js:1590:20)
      at cast (C:\Users\walto\OneDrive\Escritorio\Proyecto_final\node_modules\mongoose\lib\cast.js:344:32)
      at model.Query.Query.cast (C:\Users\walto\OneDrive\Escritorio\Proyecto_final\node_modules\mongoose\lib\query.js:5141:12),
  valueType: 'string'
}
[2022-07-24T10:47:58.472] [ERROR] error - CastError: Cast to ObjectId failed for value "22" (type string) at path "_id" for model "products"
    at model.Query.exec (C:\Users\walto\OneDrive\Escritorio\Proyecto_final\node_modules\mongoose\lib\query.js:4719:21)
    at model.Query.Query.then (C:\Users\walto\OneDrive\Escritorio\Proyecto_final\node_modules\mongoose\lib\query.js:4818:15)
    at processTicksAndRejections (node:internal/process/task_queues:96:5) {
  messageFormat: undefined,
  stringValue: '"22"',
  kind: 'ObjectId',
  value: '22',
  path: '_id',
  reason: BSONTypeError: Argument passed in must be a string of 12 bytes or a string of 24 hex characters or an integer
      at new BSONTypeError (C:\Users\walto\OneDrive\Escritorio\Proyecto_final\node_modules\bson\lib\error.js:41:28)
      at new ObjectId (C:\Users\walto\OneDrive\Escritorio\Proyecto_final\node_modules\bson\lib\objectid.js:66:23)
      at castObjectId (C:\Users\walto\OneDrive\Escritorio\Proyecto_final\node_modules\mongoose\lib\cast\objectid.js:24:12)
      at ObjectId.cast (C:\Users\walto\OneDrive\Escritorio\Proyecto_final\node_modules\mongoose\lib\schema\objectid.js:245:12)
      at ObjectId.SchemaType.applySetters (C:\Users\walto\OneDrive\Escritorio\Proyecto_final\node_modules\mongoose\lib\schematype.js:1189:12)
      at ObjectId.SchemaType._castForQuery (C:\Users\walto\OneDrive\Escritorio\Proyecto_final\node_modules\mongoose\lib\schematype.js:1623:15)
      at ObjectId.SchemaType.castForQuery (C:\Users\walto\OneDrive\Escritorio\Proyecto_final\node_modules\mongoose\lib\schematype.js:1613:15)
      at ObjectId.SchemaType.castForQueryWrapper (C:\Users\walto\OneDrive\Escritorio\Proyecto_final\node_modules\mongoose\lib\schematype.js:1590:20)
      at cast (C:\Users\walto\OneDrive\Escritorio\Proyecto_final\node_modules\mongoose\lib\cast.js:344:32)
      at model.Query.Query.cast (C:\Users\walto\OneDrive\Escritorio\Proyecto_final\node_modules\mongoose\lib\query.js:5141:12),
  valueType: 'string'
}
